<?xml version="1.0" encoding="UTF-8"?>
<testsuite name="hello.itemservice.ItemServiceApplicationTests" tests="1" skipped="0" failures="0" errors="0" timestamp="2022-07-31T12:25:36" hostname="LeeChanHeeui-MacBookPro.local" time="0.291">
  <properties/>
  <testcase name="contextLoads()" classname="hello.itemservice.ItemServiceApplicationTests" time="0.291"/>
  <system-out><![CDATA[21:25:35.154 [Test worker] DEBUG org.springframework.test.context.BootstrapUtils - Instantiating CacheAwareContextLoaderDelegate from class [org.springframework.test.context.cache.DefaultCacheAwareContextLoaderDelegate]
21:25:35.163 [Test worker] DEBUG org.springframework.test.context.BootstrapUtils - Instantiating BootstrapContext using constructor [public org.springframework.test.context.support.DefaultBootstrapContext(java.lang.Class,org.springframework.test.context.CacheAwareContextLoaderDelegate)]
21:25:35.195 [Test worker] DEBUG org.springframework.test.context.BootstrapUtils - Instantiating TestContextBootstrapper for test class [hello.itemservice.ItemServiceApplicationTests] from class [org.springframework.boot.test.context.SpringBootTestContextBootstrapper]
21:25:35.207 [Test worker] INFO org.springframework.boot.test.context.SpringBootTestContextBootstrapper - Neither @ContextConfiguration nor @ContextHierarchy found for test class [hello.itemservice.ItemServiceApplicationTests], using SpringBootContextLoader
21:25:35.211 [Test worker] DEBUG org.springframework.test.context.support.AbstractContextLoader - Did not detect default resource location for test class [hello.itemservice.ItemServiceApplicationTests]: class path resource [hello/itemservice/ItemServiceApplicationTests-context.xml] does not exist
21:25:35.211 [Test worker] DEBUG org.springframework.test.context.support.AbstractContextLoader - Did not detect default resource location for test class [hello.itemservice.ItemServiceApplicationTests]: class path resource [hello/itemservice/ItemServiceApplicationTestsContext.groovy] does not exist
21:25:35.211 [Test worker] INFO org.springframework.test.context.support.AbstractContextLoader - Could not detect default resource locations for test class [hello.itemservice.ItemServiceApplicationTests]: no resource found for suffixes {-context.xml, Context.groovy}.
21:25:35.212 [Test worker] INFO org.springframework.test.context.support.AnnotationConfigContextLoaderUtils - Could not detect default configuration classes for test class [hello.itemservice.ItemServiceApplicationTests]: ItemServiceApplicationTests does not declare any static, non-private, non-final, nested classes annotated with @Configuration.
21:25:35.250 [Test worker] DEBUG org.springframework.test.context.support.ActiveProfilesUtils - Could not find an 'annotation declaring class' for annotation type [org.springframework.test.context.ActiveProfiles] and class [hello.itemservice.ItemServiceApplicationTests]
21:25:35.296 [Test worker] DEBUG org.springframework.context.annotation.ClassPathScanningCandidateComponentProvider - Identified candidate component class: file [/Users/lee/Desktop/Study/SpringMvc1/item-service/build/classes/java/main/hello/itemservice/ItemServiceApplication.class]
21:25:35.297 [Test worker] INFO org.springframework.boot.test.context.SpringBootTestContextBootstrapper - Found @SpringBootConfiguration hello.itemservice.ItemServiceApplication for test class hello.itemservice.ItemServiceApplicationTests
21:25:35.383 [Test worker] DEBUG org.springframework.boot.test.context.SpringBootTestContextBootstrapper - @TestExecutionListeners is not present for class [hello.itemservice.ItemServiceApplicationTests]: using defaults.
21:25:35.384 [Test worker] INFO org.springframework.boot.test.context.SpringBootTestContextBootstrapper - Loaded default TestExecutionListener class names from location [META-INF/spring.factories]: [org.springframework.boot.test.autoconfigure.restdocs.RestDocsTestExecutionListener, org.springframework.boot.test.autoconfigure.web.client.MockRestServiceServerResetTestExecutionListener, org.springframework.boot.test.autoconfigure.web.servlet.MockMvcPrintOnlyOnFailureTestExecutionListener, org.springframework.boot.test.autoconfigure.web.servlet.WebDriverTestExecutionListener, org.springframework.boot.test.autoconfigure.webservices.client.MockWebServiceServerTestExecutionListener, org.springframework.boot.test.mock.mockito.MockitoTestExecutionListener, org.springframework.boot.test.mock.mockito.ResetMocksTestExecutionListener, org.springframework.test.context.web.ServletTestExecutionListener, org.springframework.test.context.support.DirtiesContextBeforeModesTestExecutionListener, org.springframework.test.context.event.ApplicationEventsTestExecutionListener, org.springframework.test.context.support.DependencyInjectionTestExecutionListener, org.springframework.test.context.support.DirtiesContextTestExecutionListener, org.springframework.test.context.transaction.TransactionalTestExecutionListener, org.springframework.test.context.jdbc.SqlScriptsTestExecutionListener, org.springframework.test.context.event.EventPublishingTestExecutionListener]
21:25:35.393 [Test worker] DEBUG org.springframework.boot.test.context.SpringBootTestContextBootstrapper - Skipping candidate TestExecutionListener [org.springframework.test.context.transaction.TransactionalTestExecutionListener] due to a missing dependency. Specify custom listener classes or make the default listener classes and their required dependencies available. Offending class: [org/springframework/transaction/interceptor/TransactionAttributeSource]
21:25:35.393 [Test worker] DEBUG org.springframework.boot.test.context.SpringBootTestContextBootstrapper - Skipping candidate TestExecutionListener [org.springframework.test.context.jdbc.SqlScriptsTestExecutionListener] due to a missing dependency. Specify custom listener classes or make the default listener classes and their required dependencies available. Offending class: [org/springframework/transaction/interceptor/TransactionAttribute]
21:25:35.393 [Test worker] INFO org.springframework.boot.test.context.SpringBootTestContextBootstrapper - Using TestExecutionListeners: [org.springframework.test.context.web.ServletTestExecutionListener@ecf9049, org.springframework.test.context.support.DirtiesContextBeforeModesTestExecutionListener@672f11c2, org.springframework.test.context.event.ApplicationEventsTestExecutionListener@2970a5bc, org.springframework.boot.test.mock.mockito.MockitoTestExecutionListener@50305a, org.springframework.boot.test.autoconfigure.SpringBootDependencyInjectionTestExecutionListener@72efb5c1, org.springframework.test.context.support.DirtiesContextTestExecutionListener@6d511b5f, org.springframework.test.context.event.EventPublishingTestExecutionListener@41200e0c, org.springframework.boot.test.autoconfigure.restdocs.RestDocsTestExecutionListener@40f33492, org.springframework.boot.test.autoconfigure.web.client.MockRestServiceServerResetTestExecutionListener@4fbdc0f0, org.springframework.boot.test.autoconfigure.web.servlet.MockMvcPrintOnlyOnFailureTestExecutionListener@2ad3a1bb, org.springframework.boot.test.autoconfigure.web.servlet.WebDriverTestExecutionListener@6bc28a83, org.springframework.boot.test.autoconfigure.webservices.client.MockWebServiceServerTestExecutionListener@324c64cd, org.springframework.boot.test.mock.mockito.ResetMocksTestExecutionListener@13579834]
21:25:35.396 [Test worker] DEBUG org.springframework.test.context.support.AbstractDirtiesContextTestExecutionListener - Before test class: context [DefaultTestContext@29ad44e3 testClass = ItemServiceApplicationTests, testInstance = [null], testMethod = [null], testException = [null], mergedContextConfiguration = [WebMergedContextConfiguration@15bcf458 testClass = ItemServiceApplicationTests, locations = '{}', classes = '{class hello.itemservice.ItemServiceApplication}', contextInitializerClasses = '[]', activeProfiles = '{}', propertySourceLocations = '{}', propertySourceProperties = '{org.springframework.boot.test.context.SpringBootTestContextBootstrapper=true}', contextCustomizers = set[org.springframework.boot.test.autoconfigure.actuate.metrics.MetricsExportContextCustomizerFactory$DisableMetricExportContextCustomizer@7096b474, org.springframework.boot.test.autoconfigure.properties.PropertyMappingContextCustomizer@0, org.springframework.boot.test.autoconfigure.web.servlet.WebDriverContextCustomizerFactory$Customizer@278bb07e, org.springframework.boot.test.context.filter.ExcludeFilterContextCustomizer@5c42d2b7, org.springframework.boot.test.json.DuplicateJsonObjectContextCustomizerFactory$DuplicateJsonObjectContextCustomizer@774698ab, org.springframework.boot.test.mock.mockito.MockitoContextCustomizer@0, org.springframework.boot.test.web.client.TestRestTemplateContextCustomizer@6da00fb9, org.springframework.boot.test.context.SpringBootTestArgs@1, org.springframework.boot.test.context.SpringBootTestWebEnvironment@13526e59], resourceBasePath = 'src/main/webapp', contextLoader = 'org.springframework.boot.test.context.SpringBootContextLoader', parent = [null]], attributes = map['org.springframework.test.context.web.ServletTestExecutionListener.activateListener' -> true]], class annotated with @DirtiesContext [false] with mode [null].

  .   ____          _            __ _ _
 /\\ / ___'_ __ _ _(_)_ __  __ _ \ \ \ \
( ( )\___ | '_ | '_| | '_ \/ _` | \ \ \ \
 \\/  ___)| |_)| | | | | || (_| |  ) ) ) )
  '  |____| .__|_| |_|_| |_\__, | / / / /
 =========|_|==============|___/=/_/_/_/
 :: Spring Boot ::                (v2.7.2)

2022-07-31 21:25:35.657  INFO 30238 --- [    Test worker] h.i.ItemServiceApplicationTests          : Starting ItemServiceApplicationTests using Java 11.0.16 on LeeChanHeeui-MacBookPro.local with PID 30238 (started by lee in /Users/lee/Desktop/Study/SpringMvc1/item-service)
2022-07-31 21:25:35.658  INFO 30238 --- [    Test worker] h.i.ItemServiceApplicationTests          : No active profile set, falling back to 1 default profile: "default"
2022-07-31 21:25:36.755  INFO 30238 --- [    Test worker] h.i.ItemServiceApplicationTests          : Started ItemServiceApplicationTests in 1.317 seconds (JVM running for 2.441)
]]></system-out>
  <system-err><![CDATA[]]></system-err>
</testsuite>
